<?xml version="1.0" encoding="UTF-8"?>
<!-- Generated by org.testng.reporters.JUnitReportReporter -->
<testsuite skipped="0" hostname="ONOTTAA693858P" name="mypackage.myTest" tests="1" failures="0" timestamp="2021-05-09T11:09:02 EDT" time="6.793" errors="0">
  <testcase name="searchPage" time="6.793" classname="mypackage.myTest"/>
  <system-out/>
</testsuite> <!-- mypackage.myTest -->
