<?xml version="1.0" encoding="UTF-8"?>
<!-- Generated by org.testng.reporters.JUnitReportReporter -->
<testsuite hostname="ONOTTAA693858P" failures="0" tests="1" name="mypackage.myTest" time="5.857" errors="0" timestamp="2021-05-17T11:21:18 EDT" skipped="0">
  <testcase classname="mypackage.myTest" name="searchPage" time="5.857"/>
  <system-out/>
</testsuite> <!-- mypackage.myTest -->
