<?xml version="1.0" encoding="UTF-8"?>
<!-- Generated by org.testng.reporters.JUnitReportReporter -->
<testsuite hostname="ONOTTAA693858P" failures="0" tests="1" name="mypackage.myTest" time="6.218" errors="0" timestamp="2021-05-07T16:01:22 EDT" skipped="0">
  <testcase classname="mypackage.myTest" name="searchPage" time="6.218"/>
  <system-out/>
</testsuite> <!-- mypackage.myTest -->
